[33292:33292:0109/103302.123801:WARNING:account_consistency_mode_manager.cc(70)] Desktop Identity Consistency cannot be enabled as no OAuth client ID and client secret have been configured.
[33326:33326:0109/103302.149327:WARNING:sandbox_linux.cc(380)] InitializeSandbox() called with multiple threads in process gpu-process.
[33292:33292:0109/103302.224732:WARNING:bluez_dbus_manager.cc(247)] Floss manager not present, cannot set Floss enable/disable.
[33292:33355:0109/103304.434792:ERROR:udev_watcher.cc(98)] Failed to begin udev enumeration.
[33326:33326:0109/103311.606176:ERROR:shared_image_factory.cc(575)] Could not find SharedImageBackingFactory with params: usage: Gles2|Raster|DisplayRead|Scanout, format: RED_8, share_between_threads: 0, gmb_type: shared_memory
[33326:33326:0109/103311.606431:ERROR:shared_image_factory.cc(575)] Could not find SharedImageBackingFactory with params: usage: Gles2|Raster|DisplayRead|Scanout, format: RG_88, share_between_threads: 0, gmb_type: shared_memory
[33326:33326:0109/103311.606480:ERROR:shared_image_factory.cc(575)] Could not find SharedImageBackingFactory with params: usage: Gles2|Raster|DisplayRead|Scanout, format: RED_8, share_between_threads: 0, gmb_type: shared_memory
[33326:33326:0109/103311.606525:ERROR:shared_image_factory.cc(575)] Could not find SharedImageBackingFactory with params: usage: Gles2|Raster|DisplayRead|Scanout, format: RG_88, share_between_threads: 0, gmb_type: shared_memory
[33326:33326:0109/103311.608043:ERROR:shared_image_factory.cc(575)] Could not find SharedImageBackingFactory with params: usage: Gles2|Raster|DisplayRead|Scanout, format: RED_8, share_between_threads: 0, gmb_type: shared_memory
[33326:33326:0109/103311.608113:ERROR:shared_image_factory.cc(575)] Could not find SharedImageBackingFactory with params: usage: Gles2|Raster|DisplayRead|Scanout, format: RG_88, share_between_threads: 0, gmb_type: shared_memory
[33326:33326:0109/103311.610428:ERROR:shared_image_factory.cc(575)] Could not find SharedImageBackingFactory with params: usage: Gles2|Raster|DisplayRead|Scanout, format: RED_8, share_between_threads: 0, gmb_type: shared_memory
[33326:33326:0109/103311.610579:ERROR:shared_image_factory.cc(575)] Could not find SharedImageBackingFactory with params: usage: Gles2|Raster|DisplayRead|Scanout, format: RG_88, share_between_threads: 0, gmb_type: shared_memory
[33326:33326:0109/103311.610709:ERROR:shared_image_factory.cc(575)] Could not find SharedImageBackingFactory with params: usage: Gles2|Raster|DisplayRead|Scanout, format: RED_8, share_between_threads: 0, gmb_type: shared_memory
[33326:33326:0109/103311.610759:ERROR:shared_image_factory.cc(575)] Could not find SharedImageBackingFactory with params: usage: Gles2|Raster|DisplayRead|Scanout, format: RG_88, share_between_threads: 0, gmb_type: shared_memory
[33326:33326:0109/103324.079045:ERROR:shared_image_factory.cc(575)] Could not find SharedImageBackingFactory with params: usage: Gles2|Raster|DisplayRead|Scanout, format: RED_8, share_between_threads: 0, gmb_type: shared_memory
[33326:33326:0109/103324.079252:ERROR:shared_image_factory.cc(575)] Could not find SharedImageBackingFactory with params: usage: Gles2|Raster|DisplayRead|Scanout, format: RG_88, share_between_threads: 0, gmb_type: shared_memory
[33326:33326:0109/103324.080765:ERROR:shared_image_factory.cc(575)] Could not find SharedImageBackingFactory with params: usage: Gles2|Raster|DisplayRead|Scanout, format: RED_8, share_between_threads: 0, gmb_type: shared_memory
[33326:33326:0109/103324.080845:ERROR:shared_image_factory.cc(575)] Could not find SharedImageBackingFactory with params: usage: Gles2|Raster|DisplayRead|Scanout, format: RG_88, share_between_threads: 0, gmb_type: shared_memory
[33326:33326:0109/103324.084419:ERROR:shared_image_factory.cc(575)] Could not find SharedImageBackingFactory with params: usage: Gles2|Raster|DisplayRead|Scanout, format: RED_8, share_between_threads: 0, gmb_type: shared_memory
[33326:33326:0109/103324.084600:ERROR:shared_image_factory.cc(575)] Could not find SharedImageBackingFactory with params: usage: Gles2|Raster|DisplayRead|Scanout, format: RG_88, share_between_threads: 0, gmb_type: shared_memory
[33326:33326:0109/103324.084681:ERROR:shared_image_factory.cc(575)] Could not find SharedImageBackingFactory with params: usage: Gles2|Raster|DisplayRead|Scanout, format: RED_8, share_between_threads: 0, gmb_type: shared_memory
[33326:33326:0109/103324.084755:ERROR:shared_image_factory.cc(575)] Could not find SharedImageBackingFactory with params: usage: Gles2|Raster|DisplayRead|Scanout, format: RG_88, share_between_threads: 0, gmb_type: shared_memory
[33326:33326:0109/103324.085218:ERROR:shared_image_factory.cc(575)] Could not find SharedImageBackingFactory with params: usage: Gles2|Raster|DisplayRead|Scanout, format: RED_8, share_between_threads: 0, gmb_type: shared_memory
[33326:33326:0109/103324.085286:ERROR:shared_image_factory.cc(575)] Could not find SharedImageBackingFactory with params: usage: Gles2|Raster|DisplayRead|Scanout, format: RG_88, share_between_threads: 0, gmb_type: shared_memory
[33326:33326:0109/103341.577317:ERROR:shared_image_factory.cc(575)] Could not find SharedImageBackingFactory with params: usage: Gles2|Raster|DisplayRead|Scanout, format: RED_8, share_between_threads: 0, gmb_type: shared_memory
[33326:33326:0109/103341.577509:ERROR:shared_image_factory.cc(575)] Could not find SharedImageBackingFactory with params: usage: Gles2|Raster|DisplayRead|Scanout, format: RG_88, share_between_threads: 0, gmb_type: shared_memory
[33326:33326:0109/103341.577566:ERROR:shared_image_factory.cc(575)] Could not find SharedImageBackingFactory with params: usage: Gles2|Raster|DisplayRead|Scanout, format: RED_8, share_between_threads: 0, gmb_type: shared_memory
[33326:33326:0109/103341.577620:ERROR:shared_image_factory.cc(575)] Could not find SharedImageBackingFactory with params: usage: Gles2|Raster|DisplayRead|Scanout, format: RG_88, share_between_threads: 0, gmb_type: shared_memory
[33326:33326:0109/103341.578395:ERROR:shared_image_factory.cc(575)] Could not find SharedImageBackingFactory with params: usage: Gles2|Raster|DisplayRead|Scanout, format: RED_8, share_between_threads: 0, gmb_type: shared_memory
[33326:33326:0109/103341.578463:ERROR:shared_image_factory.cc(575)] Could not find SharedImageBackingFactory with params: usage: Gles2|Raster|DisplayRead|Scanout, format: RG_88, share_between_threads: 0, gmb_type: shared_memory
[33326:33326:0109/103341.579232:ERROR:shared_image_factory.cc(575)] Could not find SharedImageBackingFactory with params: usage: Gles2|Raster|DisplayRead|Scanout, format: RED_8, share_between_threads: 0, gmb_type: shared_memory
[33326:33326:0109/103341.579308:ERROR:shared_image_factory.cc(575)] Could not find SharedImageBackingFactory with params: usage: Gles2|Raster|DisplayRead|Scanout, format: RG_88, share_between_threads: 0, gmb_type: shared_memory
[33326:33326:0109/103341.580048:ERROR:shared_image_factory.cc(575)] Could not find SharedImageBackingFactory with params: usage: Gles2|Raster|DisplayRead|Scanout, format: RED_8, share_between_threads: 0, gmb_type: shared_memory
[33326:33326:0109/103341.580109:ERROR:shared_image_factory.cc(575)] Could not find SharedImageBackingFactory with params: usage: Gles2|Raster|DisplayRead|Scanout, format: RG_88, share_between_threads: 0, gmb_type: shared_memory
[33328:33368:0109/103345.267161:WARNING:sqlite_persistent_store_backend_base.cc(163)] Failed to post task from FlushAndNotifyInBackground@net/extras/sqlite/sqlite_persistent_store_backend_base.cc:211 to client_task_runner_.
[33328:33368:0109/103345.267221:WARNING:sqlite_persistent_store_backend_base.cc(163)] Failed to post task from FlushAndNotifyInBackground@net/extras/sqlite/sqlite_persistent_store_backend_base.cc:211 to client_task_runner_.
[33292:33292:0109/103345.282460:WARNING:pref_notifier_impl.cc(41)] Pref observer for media_router.cast_allow_all_ips found at shutdown.
